mode: set
github.com/keks/dumbfs/blkfile/blkfile.go:23.39,31.2 5 0
github.com/keks/dumbfs/blkfile/blkfile.go:33.74,39.2 1 0
github.com/keks/dumbfs/blkfile/blkfile.go:41.72,49.16 6 0
github.com/keks/dumbfs/blkfile/blkfile.go:53.2,54.22 2 0
github.com/keks/dumbfs/blkfile/blkfile.go:49.16,51.3 1 0
github.com/keks/dumbfs/blkfile/blkfile.go:64.62,65.28 1 1
github.com/keks/dumbfs/blkfile/blkfile.go:69.2,71.20 3 1
github.com/keks/dumbfs/blkfile/blkfile.go:76.2,77.16 2 1
github.com/keks/dumbfs/blkfile/blkfile.go:82.2,82.12 1 1
github.com/keks/dumbfs/blkfile/blkfile.go:86.2,86.15 1 1
github.com/keks/dumbfs/blkfile/blkfile.go:65.28,67.3 1 1
github.com/keks/dumbfs/blkfile/blkfile.go:71.20,74.3 2 1
github.com/keks/dumbfs/blkfile/blkfile.go:77.16,79.3 1 1
github.com/keks/dumbfs/blkfile/blkfile.go:82.12,84.3 1 1
github.com/keks/dumbfs/blkfile/blkfile.go:89.64,90.28 1 1
github.com/keks/dumbfs/blkfile/blkfile.go:95.2,97.21 3 1
github.com/keks/dumbfs/blkfile/blkfile.go:102.2,103.16 2 1
github.com/keks/dumbfs/blkfile/blkfile.go:110.2,110.12 1 1
github.com/keks/dumbfs/blkfile/blkfile.go:115.2,115.15 1 1
github.com/keks/dumbfs/blkfile/blkfile.go:90.28,93.3 1 1
github.com/keks/dumbfs/blkfile/blkfile.go:97.21,100.3 2 1
github.com/keks/dumbfs/blkfile/blkfile.go:103.16,107.3 1 0
github.com/keks/dumbfs/blkfile/blkfile.go:110.12,113.3 1 1
